[  0%] Built target rosgraph_msgs_generate_messages_nodejs
[  0%] Built target roscpp_generate_messages_py
[  0%] Built target rosgraph_msgs_generate_messages_eus
[  0%] Built target std_msgs_generate_messages_py
[  0%] Built target roscpp_generate_messages_cpp
[  0%] Built target geometry_msgs_generate_messages_cpp
[  0%] Built target geometry_msgs_generate_messages_eus
[  0%] Built target geometry_msgs_generate_messages_py
[  0%] Built target geometry_msgs_generate_messages_lisp
[  0%] Built target std_msgs_generate_messages_lisp
[  0%] Built target rosgraph_msgs_generate_messages_cpp
[  0%] Built target std_msgs_generate_messages_cpp
[  0%] Built target geometry_msgs_generate_messages_nodejs
[  0%] Built target std_msgs_generate_messages_nodejs
[  0%] Built target roscpp_generate_messages_lisp
[  0%] Built target roscpp_generate_messages_eus
[  0%] Built target rosgraph_msgs_generate_messages_py
[  0%] Built target std_msgs_generate_messages_eus
[  0%] Built target rosgraph_msgs_generate_messages_lisp
[  0%] Built target roscpp_generate_messages_nodejs
[35m[1mScanning dependencies of target robot_user_control[0m
[ 50%] [32mBuilding CXX object CMakeFiles/robot_user_control.dir/src/control_robot_key.cpp.o[0m
[01m[K/home/chris/mybot_ws/src/robot_user_control/src/control_robot_key.cpp:[m[K In member function â€˜[01m[Kvoid TeleopTurtle::keyLoop()[m[Kâ€™:
[01m[K/home/chris/mybot_ws/src/robot_user_control/src/control_robot_key.cpp:122:8:[m[K [01;31m[Kerror: [m[Kâ€˜[01m[Klinear[m[Kâ€™ was not declared in this scope
        linear = 0; 
[01;32m[K        ^[m[K
[01m[K/home/chris/mybot_ws/src/robot_user_control/src/control_robot_key.cpp:123:8:[m[K [01;31m[Kerror: [m[Kâ€˜[01m[Kangular[m[Kâ€™ was not declared in this scope
        angular = 0; 
[01;32m[K        ^[m[K
CMakeFiles/robot_user_control.dir/build.make:62: recipe for target 'CMakeFiles/robot_user_control.dir/src/control_robot_key.cpp.o' failed
make[2]: *** [CMakeFiles/robot_user_control.dir/src/control_robot_key.cpp.o] Error 1
CMakeFiles/Makefile2:86: recipe for target 'CMakeFiles/robot_user_control.dir/all' failed
make[1]: *** [CMakeFiles/robot_user_control.dir/all] Error 2
Makefile:138: recipe for target 'all' failed
make: *** [all] Error 2
